<?xml version="1.0" encoding="UTF-8"?>
<!-- Generated by org.testng.reporters.JUnitXMLReporter -->
<testsuite hostname="VlatkoM-P15v" ignored="3" name="Default test"
	tests="1" failures="0" timestamp="01 X 2021 15:08:22 GMT" time="1.45"
	errors="0">
	<testcase name="closeAnIssue" time="0.587"
		classname="testProject.issuesgithub.IssuesTests" />
	<testcase name="getIssueByIssueNumber" time="0.0"
		classname="testProject.issuesgithub.IssuesTests">
		<ignored />
	</testcase> <!-- getIssueByIssueNumber -->
	<testcase name="getAllIssues" time="0.0"
		classname="testProject.issuesgithub.IssuesTests">
		<ignored />
	</testcase> <!-- getAllIssues -->
	<testcase name="lockAndUnlockIssue" time="0.0"
		classname="testProject.issuesgithub.IssuesTests">
		<ignored />
	</testcase> <!-- lockAndUnlockIssue -->
</testsuite> <!-- Default test -->
