<?xml version="1.0" encoding="UTF-8"?>
<!-- Generated by org.testng.reporters.JUnitXMLReporter -->
<testsuite hostname="VlatkoM-P15v" ignored="0" name="backendTests" tests="4" failures="0" timestamp="02 X 2021 06:51:19 GMT" time="4.161" errors="0">
  <testcase name="getAllIssues" time="0.907" classname="backend.tests.IssuesTests"/>
  <testcase name="getIssueByIssueNumber" time="0.318" classname="backend.tests.IssuesTests"/>
  <testcase name="lockAndUnlockIssue" time="1.484" classname="backend.tests.IssuesTests"/>
  <testcase name="closeIssue" time="0.516" classname="backend.tests.IssuesTests"/>
</testsuite> <!-- backendTests -->
